<?xml version="1.0" encoding="UTF-8"?>
<testsuite xmlns:xsi="http://www.w3.org/2001/XMLSchema-instance" xsi:noNamespaceSchemaLocation="https://maven.apache.org/surefire/maven-surefire-plugin/xsd/surefire-test-report-3.0.xsd" version="3.0" name="io.trino.TestEmbeddedServer" time="0.505" tests="1" errors="0" skipped="0" failures="0">
  <properties>
[...]
</properties>
  <testcase name="dummyTestForSureFile" classname="io.trino.TestEmbeddedServer" time="0.005">
    <system-err><![CDATA[2022-11-26T11:32:58.877+0000 INFO LogTestDurationListener enabled: false
2022-11-26T11:32:58.896+0000 INFO ProgressLoggingListener is disabled!
]]></system-err>
  </testcase>
</testsuite>